
  Current date: 16:26:28 on 14-12-2018
  EPSR version 25: 2016-02-24      

  Trial no.     5      Iteration no.     1      No. of configurations in sum     1
  Chi-square  0.139927E-03 R-space coeff.:  0.483296E-04 Abs. empirical energy:   0.500000E+01
  Quality factor  0.104308E-03 Control level, baseline and threshold:  0.000000E+00  0.000000E+00  0.200000E+00
  Pair energies: repulsive -0.522483E+02 harmonic  0.406027E+01 per molecule
  Tethered energy:  0.000000E+00 per molecule
  Three-body energy:  0.000000E+00 per molecule
  Three-body pressure:  0.000000E+00 kbar
  No. of .erg lines:    1023 Average gradient of quality factor:  0.000000E+00
  Sizefactor    1.00000 Number density  0.10608E+00
  Net charge =    0.00000
  R-factor for data file  1:  0.1223E-03
  R-factor for data file  2:  0.1716E-03
  R-factor for data file  3:  0.1259E-03
  Noise in average g(r)  0.469379E+02
  Intermolecular energy and U_pol -0.522491E+02  0.000000E+00 kJ/mole
  Intermolecular pressure  0.107427E+02 kbar
  Average dipole moment and std.  0.256090E+01  0.825071E+00 D
  Av. intermolecular energy -0.522531E+02+- 0.195153E+00 kJ/mole
  Av. intermolecular pressure  0.109162E+02+- 0.153441E+00 kbar
  Number of rejects in MOLFIT:-
       0       0    4092    4239
       0       0    3235    3235
