
  Current date: 08:16:57 on 17-01-2019
  EPSR version 25: 2016-02-24      

  Trial no.     5      Iteration no.     1      No. of configurations in sum     1
  Chi-square  0.366367E-02 R-space coeff.:  0.378258E-02 Abs. empirical energy:   0.000000E+00
  Quality factor  0.371738E-02 Control level, baseline and threshold:  0.000000E+00  0.000000E+00  0.200000E+00
  Pair energies: repulsive -0.583599E+02 harmonic  0.404734E+01 per molecule
  Tethered energy:  0.000000E+00 per molecule
  Three-body energy:  0.000000E+00 per molecule
  Three-body pressure:  0.000000E+00 kbar
  No. of .erg lines:    3694 Average gradient of quality factor:  0.000000E+00
  Sizefactor    1.00000 Number density  0.10391E+00
  Net charge =    0.00000
  R-factor for data file  1:  0.6342E-02
  R-factor for data file  2:  0.2119E-03
  R-factor for data file  3:  0.2174E-02
  R-factor for data file  4:  0.5927E-02
  Noise in average g(r)  0.754759E+02
  Intermolecular energy and U_pol -0.583558E+02  0.000000E+00 kJ/mole
  Intermolecular pressure  0.421076E+01 kbar
  Average dipole moment and std.  0.256830E+01  0.856022E+00 D
  Av. intermolecular energy -0.582064E+02+- 0.126871E+00 kJ/mole
  Av. intermolecular pressure  0.424602E+01+- 0.112402E+00 kbar
  Number of rejects in MOLFIT:-
       0       0    4092    4239
       0       0    3187    3187
